{
    "Modules": "Paginate - App\\Http\\Services\\Impl\\UserService",
    "File": "\/Users\/kegiaumatvideptraigmail.com\/Disk\/PetProject\/da1\/app\/Http\/Services\/Impl\/BaseService.php",
    "Line": 109,
    "TimeQuery": 0.0055,
    "Time": "2025-03-20 15:58:59"
}
{
    "Modules": "Paginate - App\\Http\\Services\\Impl\\UserService",
    "File": "\/Users\/kegiaumatvideptraigmail.com\/Disk\/PetProject\/da1\/app\/Http\/Services\/Impl\/BaseService.php",
    "Line": 109,
    "TimeQuery": 0.0032,
    "Time": "2025-03-20 15:58:59"
}
{
    "Modules": "Paginate - App\\Http\\Services\\Impl\\UserService",
    "File": "\/Users\/kegiaumatvideptraigmail.com\/Disk\/PetProject\/da1\/app\/Http\/Services\/Impl\/BaseService.php",
    "Line": 109,
    "TimeQuery": 0.0013,
    "Time": "2025-03-20 15:59:08"
}
{
    "Modules": "Paginate - App\\Http\\Services\\Impl\\UserService",
    "File": "\/Users\/kegiaumatvideptraigmail.com\/Disk\/PetProject\/da1\/app\/Http\/Services\/Impl\/BaseService.php",
    "Line": 109,
    "TimeQuery": 0.0481,
    "Time": "2025-03-20 15:59:15"
}
{
    "Modules": "Paginate - App\\Http\\Services\\Impl\\Account\\UserService",
    "File": "\/Users\/kegiaumatvideptraigmail.com\/Disk\/PetProject\/da1\/app\/Http\/Services\/Impl\/BaseService.php",
    "Line": 109,
    "TimeQuery": 0.0353,
    "Time": "2025-03-24 05:10:28"
}
